%!Adobe-FontList 1.23
%Locale:0x409

%BeginFont
Handler:DirectoryHandler
FontType:Invalid
OutlineFileName:C:\Users\moshe\Desktop\Projects\web\JS-Focused\xronos\Font\download-webfont.woff
FileModTime:1679103596
%EndFont

%BeginFont
Handler:DirectoryHandler
FontType:Invalid
OutlineFileName:C:\Users\moshe\Desktop\Projects\web\JS-Focused\xronos\Font\download-webfont.woff2
FileModTime:1679103596
%EndFont

%BeginFont
Handler:DirectoryHandler
FontType:Invalid
OutlineFileName:C:\Users\moshe\Desktop\Projects\web\JS-Focused\xronos\Font\shermlock-webfont.woff
FileModTime:1679093688
%EndFont

%BeginFont
Handler:DirectoryHandler
FontType:Invalid
OutlineFileName:C:\Users\moshe\Desktop\Projects\web\JS-Focused\xronos\Font\shermlock-webfont.woff2
FileModTime:1679093688
%EndFont

%BeginFont
Handler:DirectoryHandler
FontType:Invalid
OutlineFileName:C:\Users\moshe\Desktop\Projects\web\JS-Focused\xronos\Font\stylesheet.css
FileModTime:1679103648
%EndFont

